<?xml version="1.0" encoding="UTF-8"?>
<testng-results ignored="0" total="3" passed="2" failed="1" skipped="0">
  <reporter-output>
  </reporter-output>
  <suite started-at="2025-07-20T11:54:40 EEST" name="com.epam.training.student_anastasiia_tsyvina.runner.CucumberTestRunner" finished-at="2025-07-20T11:55:05 EEST" duration-ms="24903">
    <groups>
      <group name="cucumber">
        <method signature="AbstractTestNGCucumberTests.runScenario(io.cucumber.testng.PickleWrapper,io.cucumber.testng.FeatureWrapper)[pri:0, instance:com.epam.training.student_anastasiia_tsyvina.runner.CucumberTestRunner@12405818]" name="runScenario" class="io.cucumber.testng.AbstractTestNGCucumberTests"/>
      </group> <!-- cucumber -->
    </groups>
    <test started-at="2025-07-20T11:54:40 EEST" name="Command line test" finished-at="2025-07-20T11:55:05 EEST" duration-ms="24903">
      <class name="com.epam.training.student_anastasiia_tsyvina.runner.CucumberTestRunner">
        <test-method is-config="true" signature="setUpClass(org.testng.ITestContext)[pri:0, instance:com.epam.training.student_anastasiia_tsyvina.runner.CucumberTestRunner@12405818]" started-at="2025-07-20T11:54:40 EEST" name="setUpClass" finished-at="2025-07-20T11:54:41 EEST" duration-ms="284" status="PASS">
          <params>
            <param index="0">
              <value>
                <![CDATA[org.testng.TestRunner@648ee871]]>
              </value>
            </param>
          </params>
          <reporter-output>
          </reporter-output>
        </test-method> <!-- setUpClass -->
        <test-method signature="runScenario(io.cucumber.testng.PickleWrapper,io.cucumber.testng.FeatureWrapper)[pri:0, instance:com.epam.training.student_anastasiia_tsyvina.runner.CucumberTestRunner@12405818]" started-at="2025-07-20T11:54:41 EEST" name="runScenario" description="Runs Cucumber Scenarios" data-provider="scenarios" finished-at="2025-07-20T11:54:56 EEST" duration-ms="15499" status="PASS">
          <params>
            <param index="0">
              <value>
                <![CDATA["UC-1 - Empty credentials"]]>
              </value>
            </param>
            <param index="1">
              <value>
                <![CDATA["Login functionality"]]>
              </value>
            </param>
          </params>
          <reporter-output>
          </reporter-output>
        </test-method> <!-- runScenario -->
        <test-method signature="runScenario(io.cucumber.testng.PickleWrapper,io.cucumber.testng.FeatureWrapper)[pri:0, instance:com.epam.training.student_anastasiia_tsyvina.runner.CucumberTestRunner@12405818]" started-at="2025-07-20T11:54:56 EEST" name="runScenario" description="Runs Cucumber Scenarios" data-provider="scenarios" finished-at="2025-07-20T11:55:01 EEST" duration-ms="5173" status="PASS">
          <params>
            <param index="0">
              <value>
                <![CDATA["UC-2 - Missing password"]]>
              </value>
            </param>
            <param index="1">
              <value>
                <![CDATA["Login functionality"]]>
              </value>
            </param>
          </params>
          <reporter-output>
          </reporter-output>
        </test-method> <!-- runScenario -->
        <test-method signature="runScenario(io.cucumber.testng.PickleWrapper,io.cucumber.testng.FeatureWrapper)[pri:0, instance:com.epam.training.student_anastasiia_tsyvina.runner.CucumberTestRunner@12405818]" started-at="2025-07-20T11:55:01 EEST" name="runScenario" description="Runs Cucumber Scenarios" data-provider="scenarios" finished-at="2025-07-20T11:55:05 EEST" duration-ms="3866" status="FAIL">
          <params>
            <param index="0">
              <value>
                <![CDATA["UC-3 - Successful login"]]>
              </value>
            </param>
            <param index="1">
              <value>
                <![CDATA["Login functionality"]]>
              </value>
            </param>
          </params>
          <exception class="java.lang.AssertionError">
            <message>
              <![CDATA[
Expecting actual:
  "https://www.saucedemo.com/"
to contain:
  "/inventory.html" ]]>
            </message>
            <full-stacktrace>
              <![CDATA[java.lang.AssertionError: 
Expecting actual:
  "https://www.saucedemo.com/"
to contain:
  "/inventory.html" 
at com.epam.training.student_anastasiia_tsyvina.adapter.LoginAssertions.assertSuccessUrl(LoginAssertions.java:25)
at com.epam.training.student_anastasiia_tsyvina.stepdefs.LoginStepDefs.i_should_be_redirected_to_the_inventory_page(LoginStepDefs.java:39)
at âœ½.I should be redirected to the inventory page(file:///Users/anastasiiatsyvina/Desktop/ta_training-java/src/test/resources/features/login.feature:17)
]]>
            </full-stacktrace>
          </exception> <!-- java.lang.AssertionError -->
          <reporter-output>
          </reporter-output>
        </test-method> <!-- runScenario -->
        <test-method is-config="true" signature="tearDownClass()[pri:0, instance:com.epam.training.student_anastasiia_tsyvina.runner.CucumberTestRunner@12405818]" started-at="2025-07-20T11:55:05 EEST" name="tearDownClass" finished-at="2025-07-20T11:55:05 EEST" duration-ms="5" status="PASS">
          <reporter-output>
          </reporter-output>
        </test-method> <!-- tearDownClass -->
      </class> <!-- com.epam.training.student_anastasiia_tsyvina.runner.CucumberTestRunner -->
    </test> <!-- Command line test -->
  </suite> <!-- com.epam.training.student_anastasiia_tsyvina.runner.CucumberTestRunner -->
</testng-results>
